# JRE version: Java(TM) SE Runtime Environment (8.0_101-b13) (build 1.8.0_101-b13)
# Java VM: Java HotSpot(TM) 64-Bit Server VM (25.101-b13 mixed mode windows-amd64 compressed oops)
Heap:
 PSYoungGen      total 167936K, used 21136K [0x00000000eab00000, 0x00000000fb100000, 0x0000000100000000)
  eden space 153088K, 4% used [0x00000000eab00000,0x00000000eb124160,0x00000000f4080000)
  from space 14848K, 99% used [0x00000000f4080000,0x00000000f4efff48,0x00000000f4f00000)
  to   space 17920K, 0% used [0x00000000f9f80000,0x00000000f9f80000,0x00000000fb100000)
 ParOldGen       total 91136K, used 22969K [0x00000000c0000000, 0x00000000c5900000, 0x00000000eab00000)
  object space 91136K, 25% used [0x00000000c0000000,0x00000000c166e6f8,0x00000000c5900000)
 Metaspace       used 44356K, capacity 45212K, committed 45352K, reserved 1087488K
  class space    used 6188K, capacity 6428K, committed 6440K, reserved 1048576K
GC Heap History (10 events):
Event: 10.200 GC heap before
{Heap before GC invocations=5 (full 1):
 PSYoungGen      total 66560K, used 61440K [0x00000000eab00000, 0x00000000f2d00000, 0x0000000100000000)
  eden space 61440K, 100% used [0x00000000eab00000,0x00000000ee700000,0x00000000ee700000)
  from space 5120K, 0% used [0x00000000ee700000,0x00000000ee700000,0x00000000eec00000)
  to   space 5120K, 0% used [0x00000000f2800000,0x00000000f2800000,0x00000000f2d00000)
 ParOldGen       total 62464K, used 12148K [0x00000000c0000000, 0x00000000c3d00000, 0x00000000eab00000)
  object space 62464K, 19% used [0x00000000c0000000,0x00000000c0bdd020,0x00000000c3d00000)
 Metaspace       used 25663K, capacity 26122K, committed 26368K, reserved 1071104K
  class space    used 3612K, capacity 3759K, committed 3840K, reserved 1048576K
Event: 10.258 GC heap after
Heap after GC invocations=5 (full 1):
 PSYoungGen      total 103424K, used 5110K [0x00000000eab00000, 0x00000000f2d00000, 0x0000000100000000)
  eden space 98304K, 0% used [0x00000000eab00000,0x00000000eab00000,0x00000000f0b00000)
  from space 5120K, 99% used [0x00000000f2800000,0x00000000f2cfdb70,0x00000000f2d00000)
  to   space 5120K, 0% used [0x00000000f2300000,0x00000000f2300000,0x00000000f2800000)
 ParOldGen       total 62464K, used 13981K [0x00000000c0000000, 0x00000000c3d00000, 0x00000000eab00000)
  object space 62464K, 22% used [0x00000000c0000000,0x00000000c0da7488,0x00000000c3d00000)
 Metaspace       used 25663K, capacity 26122K, committed 26368K, reserved 1071104K
  class space    used 3612K, capacity 3759K, committed 3840K, reserved 1048576K
}
Event: 13.466 GC heap before
{Heap before GC invocations=6 (full 1):
 PSYoungGen      total 103424K, used 103414K [0x00000000eab00000, 0x00000000f2d00000, 0x0000000100000000)
  eden space 98304K, 100% used [0x00000000eab00000,0x00000000f0b00000,0x00000000f0b00000)
  from space 5120K, 99% used [0x00000000f2800000,0x00000000f2cfdb70,0x00000000f2d00000)
  to   space 5120K, 0% used [0x00000000f2300000,0x00000000f2300000,0x00000000f2800000)
 ParOldGen       total 62464K, used 13981K [0x00000000c0000000, 0x00000000c3d00000, 0x00000000eab00000)
  object space 62464K, 22% used [0x00000000c0000000,0x00000000c0da7488,0x00000000c3d00000)
 Metaspace       used 29351K, capacity 29802K, committed 30080K, reserved 1075200K
  class space    used 4059K, capacity 4195K, committed 4224K, reserved 1048576K
Event: 13.565 GC heap after
Heap after GC invocations=6 (full 1):
 PSYoungGen      total 128000K, used 5115K [0x00000000eab00000, 0x00000000f5a00000, 0x0000000100000000)
  eden space 122880K, 0% used [0x00000000eab00000,0x00000000eab00000,0x00000000f2300000)
  from space 5120K, 99% used [0x00000000f2300000,0x00000000f27fece0,0x00000000f2800000)
  to   space 11264K, 0% used [0x00000000f4f00000,0x00000000f4f00000,0x00000000f5a00000)
 ParOldGen       total 62464K, used 16164K [0x00000000c0000000, 0x00000000c3d00000, 0x00000000eab00000)
  object space 62464K, 25% used [0x00000000c0000000,0x00000000c0fc9048,0x00000000c3d00000)
 Metaspace       used 29351K, capacity 29802K, committed 30080K, reserved 1075200K
  class space    used 4059K, capacity 4195K, committed 4224K, reserved 1048576K
}
Event: 16.417 GC heap before
{Heap before GC invocations=7 (full 1):
 PSYoungGen      total 128000K, used 108170K [0x00000000eab00000, 0x00000000f5a00000, 0x0000000100000000)
  eden space 122880K, 83% used [0x00000000eab00000,0x00000000f0fa3e10,0x00000000f2300000)
  from space 5120K, 99% used [0x00000000f2300000,0x00000000f27fece0,0x00000000f2800000)
  to   space 11264K, 0% used [0x00000000f4f00000,0x00000000f4f00000,0x00000000f5a00000)
 ParOldGen       total 62464K, used 16164K [0x00000000c0000000, 0x00000000c3d00000, 0x00000000eab00000)
  object space 62464K, 25% used [0x00000000c0000000,0x00000000c0fc9048,0x00000000c3d00000)
 Metaspace       used 34802K, capacity 35408K, committed 35496K, reserved 1079296K
  class space    used 4812K, capacity 5013K, committed 5032K, reserved 1048576K
Event: 16.737 GC heap after
Heap after GC invocations=7 (full 1):
 PSYoungGen      total 164352K, used 11242K [0x00000000eab00000, 0x00000000f9380000, 0x0000000100000000)
  eden space 153088K, 0% used [0x00000000eab00000,0x00000000eab00000,0x00000000f4080000)
  from space 11264K, 99% used [0x00000000f4f00000,0x00000000f59fa830,0x00000000f5a00000)
  to   space 14848K, 0% used [0x00000000f4080000,0x00000000f4080000,0x00000000f4f00000)
 ParOldGen       total 62464K, used 19578K [0x00000000c0000000, 0x00000000c3d00000, 0x00000000eab00000)
  object space 62464K, 31% used [0x00000000c0000000,0x00000000c131ead0,0x00000000c3d00000)
 Metaspace       used 34802K, capacity 35408K, committed 35496K, reserved 1079296K
  class space    used 4812K, capacity 5013K, committed 5032K, reserved 1048576K
}
Event: 16.737 GC heap before
{Heap before GC invocations=8 (full 2):
 PSYoungGen      total 164352K, used 11242K [0x00000000eab00000, 0x00000000f9380000, 0x0000000100000000)
  eden space 153088K, 0% used [0x00000000eab00000,0x00000000eab00000,0x00000000f4080000)
  from space 11264K, 99% used [0x00000000f4f00000,0x00000000f59fa830,0x00000000f5a00000)
  to   space 14848K, 0% used [0x00000000f4080000,0x00000000f4080000,0x00000000f4f00000)
 ParOldGen       total 62464K, used 19578K [0x00000000c0000000, 0x00000000c3d00000, 0x00000000eab00000)
  object space 62464K, 31% used [0x00000000c0000000,0x00000000c131ead0,0x00000000c3d00000)
 Metaspace       used 34802K, capacity 35408K, committed 35496K, reserved 1079296K
  class space    used 4812K, capacity 5013K, committed 5032K, reserved 1048576K
Event: 17.490 GC heap after
Heap after GC invocations=8 (full 2):
 PSYoungGen      total 164352K, used 0K [0x00000000eab00000, 0x00000000f9380000, 0x0000000100000000)
  eden space 153088K, 0% used [0x00000000eab00000,0x00000000eab00000,0x00000000f4080000)
  from space 11264K, 0% used [0x00000000f4f00000,0x00000000f4f00000,0x00000000f5a00000)
  to   space 14848K, 0% used [0x00000000f4080000,0x00000000f4080000,0x00000000f4f00000)
 ParOldGen       total 91136K, used 21245K [0x00000000c0000000, 0x00000000c5900000, 0x00000000eab00000)
  object space 91136K, 23% used [0x00000000c0000000,0x00000000c14bf4e8,0x00000000c5900000)
 Metaspace       used 34802K, capacity 35408K, committed 35496K, reserved 1079296K
  class space    used 4812K, capacity 5013K, committed 5032K, reserved 1048576K
}
Event: 22.943 GC heap before
{Heap before GC invocations=9 (full 2):
 PSYoungGen      total 164352K, used 153088K [0x00000000eab00000, 0x00000000f9380000, 0x0000000100000000)
  eden space 153088K, 100% used [0x00000000eab00000,0x00000000f4080000,0x00000000f4080000)
  from space 11264K, 0% used [0x00000000f4f00000,0x00000000f4f00000,0x00000000f5a00000)
  to   space 14848K, 0% used [0x00000000f4080000,0x00000000f4080000,0x00000000f4f00000)
 ParOldGen       total 91136K, used 21245K [0x00000000c0000000, 0x00000000c5900000, 0x00000000eab00000)
  object space 91136K, 23% used [0x00000000c0000000,0x00000000c14bf4e8,0x00000000c5900000)
 Metaspace       used 44208K, capacity 45044K, committed 45096K, reserved 1087488K
  class space    used 6160K, capacity 6392K, committed 6440K, reserved 1048576K
Event: 23.352 GC heap after
Heap after GC invocations=9 (full 2):
 PSYoungGen      total 167936K, used 14847K [0x00000000eab00000, 0x00000000fb100000, 0x0000000100000000)
  eden space 153088K, 0% used [0x00000000eab00000,0x00000000eab00000,0x00000000f4080000)
  from space 14848K, 99% used [0x00000000f4080000,0x00000000f4efff48,0x00000000f4f00000)
  to   space 17920K, 0% used [0x00000000f9f80000,0x00000000f9f80000,0x00000000fb100000)
 ParOldGen       total 91136K, used 22969K [0x00000000c0000000, 0x00000000c5900000, 0x00000000eab00000)
  object space 91136K, 25% used [0x00000000c0000000,0x00000000c166e6f8,0x00000000c5900000)
 Metaspace       used 44208K, capacity 45044K, committed 45096K, reserved 1087488K
  class space    used 6160K, capacity 6392K, committed 6440K, reserved 1048576K
}

